{"accountLocked":false,"event":"password_mismatch","failedAttempts":1,"ip":"::ffff:192.168.65.1","level":"warn","message":"Authentication failed","requestId":"6160f7f5-0861-4bd5-81af-a5931cb40f36","success":false,"timestamp":"2025-10-28T14:06:26.267Z","type":"security_event","userAgent":"curl/8.7.1","userId":1,"username":"admin"}
{
  requestId: '6160f7f5-0861-4bd5-81af-a5931cb40f36',
  method: 'POST',
  url: '/api/login',
  status: '401',
  contentLength: '82',
  responseTime: '134.285',
  userAgent: 'curl/8.7.1',
  ip: '::ffff:192.168.65.1',
  userId: null,
  timestamp: '2025-10-28 14:06:26:626',
  level: 'warn',
  message: 'HTTP Request Warning'
}
{"description":"Suspicious request body detected","field":"username","ip":"::ffff:192.168.65.1","level":"error","message":"Suspicious activity detected","requestId":"0b58df8a-374d-4737-b35a-70b3056d2da9","severity":"HIGH","timestamp":"2025-10-28T14:07:02.826Z","type":"security_event","url":"/api/login","userAgent":"curl/8.7.1"}
{
  requestId: '0b58df8a-374d-4737-b35a-70b3056d2da9',
  method: 'POST',
  url: '/api/login',
  status: '400',
  contentLength: '288',
  responseTime: '6.868',
  userAgent: 'curl/8.7.1',
  ip: '::ffff:192.168.65.1',
  userId: null,
  timestamp: '2025-10-28 14:07:02:72',
  level: 'warn',
  message: 'HTTP Request Warning'
}
{"errors":[{"location":"body","msg":"Invalid value","path":"username","type":"field","value":"admin' UNION SELECT table_name,2,3,4,5,6,7,8,9 FROM information_schema.tables WHERE table_schema=database() --"}],"event":"validation_failed","ip":"::ffff:192.168.65.1","level":"warn","message":"Authentication failed","requestId":"0b58df8a-374d-4737-b35a-70b3056d2da9","success":false,"timestamp":"2025-10-28T14:07:02.830Z","type":"security_event","userAgent":"curl/8.7.1","userId":null}
{"description":"Suspicious request body detected","field":"username","ip":"::ffff:192.168.65.1","level":"error","message":"Suspicious activity detected","requestId":"a4739fcc-43c4-4e95-815b-529615edec00","severity":"HIGH","timestamp":"2025-10-28T14:07:02.850Z","type":"security_event","url":"/api/login","userAgent":"curl/8.7.1"}
{
  requestId: 'a4739fcc-43c4-4e95-815b-529615edec00',
  method: 'POST',
  url: '/api/login',
  status: '400',
  contentLength: '285',
  responseTime: '2.753',
  userAgent: 'curl/8.7.1',
  ip: '::ffff:192.168.65.1',
  userId: null,
  timestamp: '2025-10-28 14:07:02:72',
  level: 'warn',
  message: 'HTTP Request Warning'
}
{"errors":[{"location":"body","msg":"Invalid value","path":"username","type":"field","value":"admin' UNION SELECT column_name,2,3,4,5,6,7,8,9 FROM information_schema.columns WHERE table_name='users' --"}],"event":"validation_failed","ip":"::ffff:192.168.65.1","level":"warn","message":"Authentication failed","requestId":"a4739fcc-43c4-4e95-815b-529615edec00","success":false,"timestamp":"2025-10-28T14:07:02.852Z","type":"security_event","userAgent":"curl/8.7.1","userId":null}
{"description":"Suspicious request body detected","field":"username","ip":"::ffff:192.168.65.1","level":"error","message":"Suspicious activity detected","requestId":"2a15d8ab-8105-4d7c-a0b6-3a1c3ee04605","severity":"HIGH","timestamp":"2025-10-28T14:15:40.787Z","type":"security_event","url":"/api/login","userAgent":"curl/8.7.1"}
{
  requestId: '2a15d8ab-8105-4d7c-a0b6-3a1c3ee04605',
  method: 'POST',
  url: '/api/login',
  status: '400',
  contentLength: '288',
  responseTime: '10.849',
  userAgent: 'curl/8.7.1',
  ip: '::ffff:192.168.65.1',
  userId: null,
  timestamp: '2025-10-28 14:15:40:1540',
  level: 'warn',
  message: 'HTTP Request Warning'
}
{"errors":[{"location":"body","msg":"Invalid value","path":"username","type":"field","value":"admin' UNION SELECT table_name,2,3,4,5,6,7,8,9 FROM information_schema.tables WHERE table_schema=database() --"}],"event":"validation_failed","ip":"::ffff:192.168.65.1","level":"warn","message":"Authentication failed","requestId":"2a15d8ab-8105-4d7c-a0b6-3a1c3ee04605","success":false,"timestamp":"2025-10-28T14:15:40.794Z","type":"security_event","userAgent":"curl/8.7.1","userId":null}
{"description":"Suspicious request body detected","field":"username","ip":"::ffff:192.168.65.1","level":"error","message":"Suspicious activity detected","requestId":"ca356147-ff2c-4c04-9577-2cd3f95434fa","severity":"HIGH","timestamp":"2025-10-28T14:15:40.817Z","type":"security_event","url":"/api/login","userAgent":"curl/8.7.1"}
{
  requestId: 'ca356147-ff2c-4c04-9577-2cd3f95434fa',
  method: 'POST',
  url: '/api/login',
  status: '400',
  contentLength: '285',
  responseTime: '4.186',
  userAgent: 'curl/8.7.1',
  ip: '::ffff:192.168.65.1',
  userId: null,
  timestamp: '2025-10-28 14:15:40:1540',
  level: 'warn',
  message: 'HTTP Request Warning'
}
{"errors":[{"location":"body","msg":"Invalid value","path":"username","type":"field","value":"admin' UNION SELECT column_name,2,3,4,5,6,7,8,9 FROM information_schema.columns WHERE table_name='users' --"}],"event":"validation_failed","ip":"::ffff:192.168.65.1","level":"warn","message":"Authentication failed","requestId":"ca356147-ff2c-4c04-9577-2cd3f95434fa","success":false,"timestamp":"2025-10-28T14:15:40.820Z","type":"security_event","userAgent":"curl/8.7.1","userId":null}
{"description":"Suspicious request body detected","field":"username","ip":"::ffff:192.168.65.1","level":"error","message":"Suspicious activity detected","requestId":"f78b9283-2a4f-414a-a077-055abcb2e5db","severity":"HIGH","timestamp":"2025-10-28T14:29:45.970Z","type":"security_event","url":"/api/login","userAgent":"curl/8.7.1"}
{
  requestId: 'f78b9283-2a4f-414a-a077-055abcb2e5db',
  method: 'POST',
  url: '/api/login',
  status: '400',
  contentLength: '288',
  responseTime: '8.527',
  userAgent: 'curl/8.7.1',
  ip: '::ffff:192.168.65.1',
  userId: null,
  timestamp: '2025-10-28 14:29:45:2945',
  level: 'warn',
  message: 'HTTP Request Warning'
}
{"errors":[{"location":"body","msg":"Invalid value","path":"username","type":"field","value":"admin' UNION SELECT table_name,2,3,4,5,6,7,8,9 FROM information_schema.tables WHERE table_schema=database() --"}],"event":"validation_failed","ip":"::ffff:192.168.65.1","level":"warn","message":"Authentication failed","requestId":"f78b9283-2a4f-414a-a077-055abcb2e5db","success":false,"timestamp":"2025-10-28T14:29:45.977Z","type":"security_event","userAgent":"curl/8.7.1","userId":null}
{"description":"Suspicious request body detected","field":"username","ip":"::ffff:192.168.65.1","level":"error","message":"Suspicious activity detected","requestId":"78de52d0-79ae-46f9-9cb3-66e0c86a7212","severity":"HIGH","timestamp":"2025-10-28T14:29:45.995Z","type":"security_event","url":"/api/login","userAgent":"curl/8.7.1"}
{
  requestId: '78de52d0-79ae-46f9-9cb3-66e0c86a7212',
  method: 'POST',
  url: '/api/login',
  status: '400',
  contentLength: '285',
  responseTime: '2.618',
  userAgent: 'curl/8.7.1',
  ip: '::ffff:192.168.65.1',
  userId: null,
  timestamp: '2025-10-28 14:29:45:2945',
  level: 'warn',
  message: 'HTTP Request Warning'
}
{"errors":[{"location":"body","msg":"Invalid value","path":"username","type":"field","value":"admin' UNION SELECT column_name,2,3,4,5,6,7,8,9 FROM information_schema.columns WHERE table_name='users' --"}],"event":"validation_failed","ip":"::ffff:192.168.65.1","level":"warn","message":"Authentication failed","requestId":"78de52d0-79ae-46f9-9cb3-66e0c86a7212","success":false,"timestamp":"2025-10-28T14:29:45.997Z","type":"security_event","userAgent":"curl/8.7.1","userId":null}
